<?xml version="1.0" encoding="UTF-8"?>
<testng-results ignored="0" total="1" passed="1" failed="0" skipped="0">
  <reporter-output>
  </reporter-output>
  <suite started-at="2023-09-25T18:36:05 BDT" name="Default suite" finished-at="2023-09-25T18:37:00 BDT" duration-ms="54778">
    <groups>
    </groups>
    <test started-at="2023-09-25T18:36:05 BDT" name="Default test" finished-at="2023-09-25T18:37:00 BDT" duration-ms="54778">
      <class name="dynamicCoding_Test.greenKart_Test">
        <test-method is-config="true" signature="openBrowser()[pri:0, instance:dynamicCoding_Test.greenKart_Test@6aeb35e6]" started-at="2023-09-25T18:36:05 BDT" name="openBrowser" finished-at="2023-09-25T18:36:39 BDT" duration-ms="33939" status="PASS">
          <reporter-output>
          </reporter-output>
        </test-method> <!-- openBrowser -->
        <test-method signature="validTest()[pri:0, instance:dynamicCoding_Test.greenKart_Test@6aeb35e6]" started-at="2023-09-25T18:36:39 BDT" name="validTest" finished-at="2023-09-25T18:37:00 BDT" duration-ms="20746" status="PASS">
          <reporter-output>
          </reporter-output>
        </test-method> <!-- validTest -->
      </class> <!-- dynamicCoding_Test.greenKart_Test -->
    </test> <!-- Default test -->
  </suite> <!-- Default suite -->
</testng-results>
